{"/Users/blessingayeni/Documents/my-applications/product-management-app/src/server.js": {"path":"/Users/blessingayeni/Documents/my-applications/product-management-app/src/server.js","statementMap":{"0":{"start":{"line":1,"column":16},"end":{"line":1,"column":34}},"1":{"start":{"line":3,"column":17},"end":{"line":3,"column":36}},"2":{"start":{"line":5,"column":0},"end":{"line":5,"column":25}},"3":{"start":{"line":7,"column":0},"end":{"line":7,"column":30}},"4":{"start":{"line":9,"column":23},"end":{"line":9,"column":53}},"5":{"start":{"line":10,"column":0},"end":{"line":10,"column":39}},"6":{"start":{"line":12,"column":19},"end":{"line":12,"column":43}},"7":{"start":{"line":13,"column":22},"end":{"line":13,"column":49}},"8":{"start":{"line":14,"column":22},"end":{"line":14,"column":49}},"9":{"start":{"line":15,"column":20},"end":{"line":15,"column":45}},"10":{"start":{"line":17,"column":12},"end":{"line":17,"column":21}},"11":{"start":{"line":19,"column":0},"end":{"line":19,"column":24}},"12":{"start":{"line":20,"column":0},"end":{"line":20,"column":20}},"13":{"start":{"line":21,"column":0},"end":{"line":21,"column":23}},"14":{"start":{"line":22,"column":0},"end":{"line":22,"column":23}},"15":{"start":{"line":23,"column":0},"end":{"line":23,"column":21}},"16":{"start":{"line":25,"column":0},"end":{"line":25,"column":21}}},"fnMap":{},"branchMap":{},"s":{"0":2,"1":2,"2":2,"3":2,"4":2,"5":2,"6":2,"7":2,"8":2,"9":2,"10":2,"11":2,"12":2,"13":2,"14":2,"15":2,"16":2},"f":{},"b":{},"_coverageSchema":"1a1c01bbd47fc00a2c39e90264f33305004495a9","hash":"1a6125d04f7385420d068a8d9a3bc15facb3b79c"}
,"/Users/blessingayeni/Documents/my-applications/product-management-app/src/models/user.js": {"path":"/Users/blessingayeni/Documents/my-applications/product-management-app/src/models/user.js","statementMap":{"0":{"start":{"line":1,"column":17},"end":{"line":1,"column":36}},"1":{"start":{"line":2,"column":18},"end":{"line":2,"column":38}},"2":{"start":{"line":3,"column":15},"end":{"line":3,"column":34}},"3":{"start":{"line":4,"column":12},"end":{"line":4,"column":35}},"4":{"start":{"line":6,"column":19},"end":{"line":47,"column":1}},"5":{"start":{"line":19,"column":8},"end":{"line":21,"column":9}},"6":{"start":{"line":20,"column":10},"end":{"line":20,"column":43}},"7":{"start":{"line":49,"column":0},"end":{"line":56,"column":2}},"8":{"start":{"line":50,"column":15},"end":{"line":50,"column":19}},"9":{"start":{"line":51,"column":21},"end":{"line":51,"column":36}},"10":{"start":{"line":53,"column":2},"end":{"line":53,"column":29}},"11":{"start":{"line":55,"column":2},"end":{"line":55,"column":20}},"12":{"start":{"line":58,"column":0},"end":{"line":71,"column":2}},"13":{"start":{"line":59,"column":15},"end":{"line":59,"column":44}},"14":{"start":{"line":61,"column":2},"end":{"line":63,"column":3}},"15":{"start":{"line":62,"column":4},"end":{"line":62,"column":39}},"16":{"start":{"line":64,"column":18},"end":{"line":64,"column":63}},"17":{"start":{"line":66,"column":2},"end":{"line":68,"column":3}},"18":{"start":{"line":67,"column":4},"end":{"line":67,"column":39}},"19":{"start":{"line":70,"column":2},"end":{"line":70,"column":14}},"20":{"start":{"line":73,"column":0},"end":{"line":77,"column":2}},"21":{"start":{"line":74,"column":15},"end":{"line":74,"column":19}},"22":{"start":{"line":75,"column":16},"end":{"line":75,"column":78}},"23":{"start":{"line":76,"column":2},"end":{"line":76,"column":15}},"24":{"start":{"line":79,"column":0},"end":{"line":84,"column":3}},"25":{"start":{"line":80,"column":15},"end":{"line":80,"column":19}},"26":{"start":{"line":81,"column":2},"end":{"line":83,"column":3}},"27":{"start":{"line":82,"column":4},"end":{"line":82,"column":56}},"28":{"start":{"line":86,"column":13},"end":{"line":86,"column":47}},"29":{"start":{"line":88,"column":0},"end":{"line":88,"column":22}}},"fnMap":{"0":{"name":"(anonymous_0)","decl":{"start":{"line":18,"column":6},"end":{"line":18,"column":7}},"loc":{"start":{"line":18,"column":22},"end":{"line":22,"column":7}},"line":18},"1":{"name":"(anonymous_1)","decl":{"start":{"line":49,"column":28},"end":{"line":49,"column":29}},"loc":{"start":{"line":49,"column":40},"end":{"line":56,"column":1}},"line":49},"2":{"name":"(anonymous_2)","decl":{"start":{"line":58,"column":39},"end":{"line":58,"column":40}},"loc":{"start":{"line":58,"column":66},"end":{"line":71,"column":1}},"line":58},"3":{"name":"(anonymous_3)","decl":{"start":{"line":73,"column":39},"end":{"line":73,"column":40}},"loc":{"start":{"line":73,"column":57},"end":{"line":77,"column":1}},"line":73},"4":{"name":"(anonymous_4)","decl":{"start":{"line":79,"column":23},"end":{"line":79,"column":24}},"loc":{"start":{"line":79,"column":41},"end":{"line":84,"column":1}},"line":79}},"branchMap":{"0":{"loc":{"start":{"line":19,"column":8},"end":{"line":21,"column":9}},"type":"if","locations":[{"start":{"line":19,"column":8},"end":{"line":21,"column":9}},{"start":{"line":19,"column":8},"end":{"line":21,"column":9}}],"line":19},"1":{"loc":{"start":{"line":61,"column":2},"end":{"line":63,"column":3}},"type":"if","locations":[{"start":{"line":61,"column":2},"end":{"line":63,"column":3}},{"start":{"line":61,"column":2},"end":{"line":63,"column":3}}],"line":61},"2":{"loc":{"start":{"line":66,"column":2},"end":{"line":68,"column":3}},"type":"if","locations":[{"start":{"line":66,"column":2},"end":{"line":68,"column":3}},{"start":{"line":66,"column":2},"end":{"line":68,"column":3}}],"line":66},"3":{"loc":{"start":{"line":81,"column":2},"end":{"line":83,"column":3}},"type":"if","locations":[{"start":{"line":81,"column":2},"end":{"line":83,"column":3}},{"start":{"line":81,"column":2},"end":{"line":83,"column":3}}],"line":81}},"s":{"0":2,"1":2,"2":2,"3":2,"4":2,"5":1,"6":0,"7":2,"8":0,"9":0,"10":0,"11":0,"12":2,"13":3,"14":0,"15":0,"16":0,"17":0,"18":0,"19":0,"20":2,"21":0,"22":0,"23":0,"24":2,"25":1,"26":1,"27":1,"28":2,"29":2},"f":{"0":1,"1":0,"2":3,"3":0,"4":1},"b":{"0":[0,1],"1":[0,0],"2":[0,0],"3":[1,0]},"_coverageSchema":"1a1c01bbd47fc00a2c39e90264f33305004495a9","hash":"f8eaa9d40bbd6be31e030144701b2d27b0524e13"}
,"/Users/blessingayeni/Documents/my-applications/product-management-app/src/tests/fixtures/db.js": {"path":"/Users/blessingayeni/Documents/my-applications/product-management-app/src/tests/fixtures/db.js","statementMap":{"0":{"start":{"line":1,"column":17},"end":{"line":1,"column":36}},"1":{"start":{"line":2,"column":12},"end":{"line":2,"column":35}},"2":{"start":{"line":3,"column":13},"end":{"line":3,"column":41}},"3":{"start":{"line":4,"column":16},"end":{"line":4,"column":47}},"4":{"start":{"line":5,"column":16},"end":{"line":5,"column":47}},"5":{"start":{"line":6,"column":14},"end":{"line":6,"column":43}},"6":{"start":{"line":8,"column":18},"end":{"line":8,"column":47}},"7":{"start":{"line":9,"column":16},"end":{"line":17,"column":1}},"8":{"start":{"line":19,"column":18},"end":{"line":19,"column":47}},"9":{"start":{"line":20,"column":16},"end":{"line":28,"column":1}},"10":{"start":{"line":30,"column":21},"end":{"line":30,"column":50}},"11":{"start":{"line":31,"column":19},"end":{"line":38,"column":1}},"12":{"start":{"line":40,"column":21},"end":{"line":40,"column":50}},"13":{"start":{"line":41,"column":19},"end":{"line":48,"column":1}},"14":{"start":{"line":50,"column":23},"end":{"line":50,"column":52}},"15":{"start":{"line":51,"column":21},"end":{"line":58,"column":1}},"16":{"start":{"line":60,"column":21},"end":{"line":60,"column":50}},"17":{"start":{"line":61,"column":19},"end":{"line":66,"column":1}},"18":{"start":{"line":68,"column":21},"end":{"line":68,"column":50}},"19":{"start":{"line":69,"column":19},"end":{"line":74,"column":1}},"20":{"start":{"line":76,"column":17},"end":{"line":80,"column":1}},"21":{"start":{"line":82,"column":22},"end":{"line":95,"column":1}},"22":{"start":{"line":83,"column":2},"end":{"line":83,"column":26}},"23":{"start":{"line":84,"column":2},"end":{"line":84,"column":29}},"24":{"start":{"line":85,"column":2},"end":{"line":85,"column":29}},"25":{"start":{"line":86,"column":2},"end":{"line":86,"column":27}},"26":{"start":{"line":87,"column":2},"end":{"line":87,"column":33}},"27":{"start":{"line":88,"column":2},"end":{"line":88,"column":33}},"28":{"start":{"line":89,"column":2},"end":{"line":89,"column":39}},"29":{"start":{"line":90,"column":2},"end":{"line":90,"column":39}},"30":{"start":{"line":91,"column":2},"end":{"line":91,"column":41}},"31":{"start":{"line":92,"column":2},"end":{"line":92,"column":39}},"32":{"start":{"line":93,"column":2},"end":{"line":93,"column":39}},"33":{"start":{"line":94,"column":2},"end":{"line":94,"column":35}},"34":{"start":{"line":97,"column":0},"end":{"line":108,"column":2}}},"fnMap":{"0":{"name":"(anonymous_0)","decl":{"start":{"line":82,"column":22},"end":{"line":82,"column":23}},"loc":{"start":{"line":82,"column":34},"end":{"line":95,"column":1}},"line":82}},"branchMap":{},"s":{"0":2,"1":2,"2":2,"3":2,"4":2,"5":2,"6":2,"7":2,"8":2,"9":2,"10":2,"11":2,"12":2,"13":2,"14":2,"15":2,"16":2,"17":2,"18":2,"19":2,"20":2,"21":2,"22":3,"23":0,"24":0,"25":0,"26":0,"27":0,"28":0,"29":0,"30":0,"31":0,"32":0,"33":0,"34":2},"f":{"0":3},"b":{},"_coverageSchema":"1a1c01bbd47fc00a2c39e90264f33305004495a9","hash":"40ba25b49d6b804df1364013227679efeb0da32a"}
}
