TN:
SF:src/server.js
FNF:0
FNH:0
DA:1,1
DA:3,1
DA:5,1
DA:7,1
DA:9,1
DA:10,1
DA:12,1
DA:13,1
DA:14,1
DA:15,1
DA:17,1
DA:19,1
DA:20,1
DA:21,1
DA:22,1
DA:23,1
DA:25,1
LF:17
LH:17
BRF:0
BRH:0
end_of_record
TN:
SF:src/models/user.js
FN:18,(anonymous_0)
FN:49,(anonymous_1)
FN:58,(anonymous_2)
FN:73,(anonymous_3)
FN:79,(anonymous_4)
FNF:5
FNH:4
FNDA:1,(anonymous_0)
FNDA:1,(anonymous_1)
FNDA:0,(anonymous_2)
FNDA:1,(anonymous_3)
FNDA:1,(anonymous_4)
DA:1,1
DA:2,1
DA:3,1
DA:4,1
DA:6,1
DA:19,1
DA:20,0
DA:49,1
DA:50,1
DA:51,1
DA:53,1
DA:55,1
DA:58,1
DA:59,0
DA:61,0
DA:62,0
DA:64,0
DA:66,0
DA:67,0
DA:70,0
DA:73,1
DA:74,1
DA:75,1
DA:76,1
DA:79,1
DA:80,1
DA:81,1
DA:82,1
DA:86,1
DA:88,1
LF:30
LH:22
BRDA:19,0,0,0
BRDA:19,0,1,1
BRDA:61,1,0,0
BRDA:61,1,1,0
BRDA:66,2,0,0
BRDA:66,2,1,0
BRDA:81,3,0,1
BRDA:81,3,1,0
BRF:8
BRH:2
end_of_record
TN:
SF:src/tests/fixtures/db.js
FN:82,(anonymous_0)
FNF:1
FNH:1
FNDA:1,(anonymous_0)
DA:1,1
DA:2,1
DA:3,1
DA:4,1
DA:5,1
DA:6,1
DA:8,1
DA:9,1
DA:19,1
DA:20,1
DA:30,1
DA:31,1
DA:40,1
DA:41,1
DA:50,1
DA:51,1
DA:60,1
DA:61,1
DA:68,1
DA:69,1
DA:76,1
DA:82,1
DA:83,1
DA:84,1
DA:85,0
DA:86,0
DA:87,0
DA:88,0
DA:89,0
DA:90,0
DA:91,0
DA:92,0
DA:93,0
DA:96,1
LF:34
LH:25
BRF:0
BRH:0
end_of_record
