TN:
SF:src/server.js
FNF:0
FNH:0
DA:1,2
DA:3,2
DA:5,2
DA:7,2
DA:9,2
DA:10,2
DA:12,2
DA:13,2
DA:14,2
DA:15,2
DA:17,2
DA:19,2
DA:20,2
DA:21,2
DA:22,2
DA:23,2
DA:25,2
LF:17
LH:17
BRF:0
BRH:0
end_of_record
TN:
SF:src/models/user.js
FN:18,(anonymous_0)
FN:49,(anonymous_1)
FN:58,(anonymous_2)
FN:73,(anonymous_3)
FN:79,(anonymous_4)
FNF:5
FNH:3
FNDA:1,(anonymous_0)
FNDA:0,(anonymous_1)
FNDA:3,(anonymous_2)
FNDA:0,(anonymous_3)
FNDA:1,(anonymous_4)
DA:1,2
DA:2,2
DA:3,2
DA:4,2
DA:6,2
DA:19,1
DA:20,0
DA:49,2
DA:50,0
DA:51,0
DA:53,0
DA:55,0
DA:58,2
DA:59,3
DA:61,0
DA:62,0
DA:64,0
DA:66,0
DA:67,0
DA:70,0
DA:73,2
DA:74,0
DA:75,0
DA:76,0
DA:79,2
DA:80,1
DA:81,1
DA:82,1
DA:86,2
DA:88,2
LF:30
LH:16
BRDA:19,0,0,0
BRDA:19,0,1,1
BRDA:61,1,0,0
BRDA:61,1,1,0
BRDA:66,2,0,0
BRDA:66,2,1,0
BRDA:81,3,0,1
BRDA:81,3,1,0
BRF:8
BRH:2
end_of_record
TN:
SF:src/tests/fixtures/db.js
FN:82,(anonymous_0)
FNF:1
FNH:1
FNDA:3,(anonymous_0)
DA:1,2
DA:2,2
DA:3,2
DA:4,2
DA:5,2
DA:6,2
DA:8,2
DA:9,2
DA:19,2
DA:20,2
DA:30,2
DA:31,2
DA:40,2
DA:41,2
DA:50,2
DA:51,2
DA:60,2
DA:61,2
DA:68,2
DA:69,2
DA:76,2
DA:82,2
DA:83,3
DA:84,0
DA:85,0
DA:86,0
DA:87,0
DA:88,0
DA:89,0
DA:90,0
DA:91,0
DA:92,0
DA:93,0
DA:94,0
DA:97,2
LF:35
LH:24
BRF:0
BRH:0
end_of_record
